<?xml version="1.0" encoding="UTF-8"?>
<!-- Generated by org.testng.reporters.JUnitXMLReporter -->
<testsuite ignored="0" hostname="DESKTOP-QAFREE4" failures="0" tests="4" name="Default test" time="11.535" errors="0" timestamp="2024-09-26T23:58:33 EET">
  <testcase classname="MyTestCases" name="languageOfTheWebsite" time="3.069"/>
  <testcase classname="MyTestCases" name="randomCity" time="0.71"/>
  <testcase classname="MyTestCases" name="departureDateAndReturnDate" time="1.229"/>
  <testcase classname="MyTestCases" name="changeTheClass" time="1.293"/>
</testsuite> <!-- Default test -->
