<?xml version="1.0" encoding="UTF-8"?>
<testng-results ignored="0" total="4" passed="4" failed="0" skipped="0">
  <reporter-output>
  </reporter-output>
  <suite started-at="2024-09-26T23:58:21 EET" name="Default suite" finished-at="2024-09-26T23:58:33 EET" duration-ms="11535">
    <groups>
    </groups>
    <test started-at="2024-09-26T23:58:21 EET" name="Default test" finished-at="2024-09-26T23:58:33 EET" duration-ms="11535">
      <class name="MyTestCases">
        <test-method is-config="true" signature="setup()[pri:0, instance:MyTestCases@56113384]" started-at="2024-09-26T23:58:21 EET" name="setup" finished-at="2024-09-26T23:58:26 EET" duration-ms="5169" status="PASS">
          <reporter-output>
          </reporter-output>
        </test-method> <!-- setup -->
        <test-method signature="languageOfTheWebsite()[pri:1, instance:MyTestCases@56113384]" started-at="2024-09-26T23:58:26 EET" name="languageOfTheWebsite" finished-at="2024-09-26T23:58:29 EET" duration-ms="3069" status="PASS">
          <reporter-output>
          </reporter-output>
        </test-method> <!-- languageOfTheWebsite -->
        <test-method signature="randomCity()[pri:2, instance:MyTestCases@56113384]" started-at="2024-09-26T23:58:29 EET" name="randomCity" finished-at="2024-09-26T23:58:30 EET" duration-ms="710" status="PASS">
          <reporter-output>
          </reporter-output>
        </test-method> <!-- randomCity -->
        <test-method signature="departureDateAndReturnDate()[pri:3, instance:MyTestCases@56113384]" started-at="2024-09-26T23:58:30 EET" name="departureDateAndReturnDate" finished-at="2024-09-26T23:58:31 EET" duration-ms="1229" status="PASS">
          <reporter-output>
          </reporter-output>
        </test-method> <!-- departureDateAndReturnDate -->
        <test-method signature="changeTheClass()[pri:4, instance:MyTestCases@56113384]" started-at="2024-09-26T23:58:31 EET" name="changeTheClass" finished-at="2024-09-26T23:58:33 EET" duration-ms="1293" status="PASS">
          <reporter-output>
          </reporter-output>
        </test-method> <!-- changeTheClass -->
      </class> <!-- MyTestCases -->
    </test> <!-- Default test -->
  </suite> <!-- Default suite -->
</testng-results>
